<?xml version="1.0" encoding="UTF-8"?>
<!-- Generated by org.testng.reporters.JUnitXMLReporter -->
<testsuite ignored="0" hostname="LAPTOP-MH6LOE0M" failures="1" tests="6" name="unittest" time="12.475" errors="0" timestamp="2022-11-15T10:46:41 IST">
  <testcase classname="practiseeee.testngtest" name="test" time="0.007"/>
  <testcase classname="practiseeee.testngannotation" name="enterlogincredentials" time="0.894"/>
  <testcase classname="practiseeee.testngsequencing" name="apple" time="0.005">
    <failure type="java.lang.AssertionError" message="null">
      <![CDATA[java.lang.AssertionError: null
at practiseeee.testngsequencing.apple(testngsequencing.java:12)
at java.base/java.util.ArrayList.forEach(ArrayList.java:1511)
... Removed 29 stack frames]]>
    </failure>
  </testcase> <!-- apple -->
  <testcase classname="practiseeee.testngsequencing" name="dog" time="0.0">
    <skipped/>
  </testcase> <!-- dog -->
  <testcase classname="practiseeee.testngsequencing" name="honey" time="0.001"/>
  <testcase classname="practiseeee.testngsequencing" name="zebra" time="0.002"/>
</testsuite> <!-- unittest -->
